\BOOKMARK [0][-]{chapter*.2}{\376\377\000W\000e\000l\000c\000o\000m\000e\000\040\000t\000o\000\040\000y\000o\000u\000r\000\040\000f\000u\000t\000u\000r\000e}{}% 1
\BOOKMARK [1][-]{section.0.1}{\376\377\000V\000i\000s\000u\000a\000l\000i\000s\000i\000n\000g\000\040\000y\000o\000u\000r\000\040\000f\000u\000t\000u\000r\000e}{chapter*.2}% 2
\BOOKMARK [1][-]{section.0.2}{\376\377\000Y\000o\000u\000r\000\040\000f\000u\000t\000u\000r\000e\000\040\000a\000i\000m\000s}{chapter*.2}% 3
\BOOKMARK [1][-]{section.0.3}{\376\377\000W\000h\000a\000t\000\040\000y\000o\000u\000\040\000w\000o\000n\000'\000t\000\040\000l\000e\000a\000r\000n}{chapter*.2}% 4
\BOOKMARK [1][-]{section.0.4}{\376\377\000L\000e\000a\000r\000n\000i\000n\000g\000\040\000y\000o\000u\000r\000\040\000f\000u\000t\000u\000r\000e}{chapter*.2}% 5
\BOOKMARK [1][-]{section.0.5}{\376\377\000M\000a\000p\000p\000i\000n\000g\000\040\000y\000o\000u\000r\000\040\000f\000u\000t\000u\000r\000e}{chapter*.2}% 6
\BOOKMARK [1][-]{section.0.6}{\376\377\000Y\000o\000u\000r\000\040\000f\000u\000t\000u\000r\000e\000\040\000t\000h\000e\000m\000e\000s}{chapter*.2}% 7
\BOOKMARK [1][-]{section.0.7}{\376\377\000A\000c\000k\000n\000o\000w\000l\000e\000d\000g\000e\000m\000e\000n\000t\000s}{chapter*.2}% 8
\BOOKMARK [1][-]{section.0.8}{\376\377\000A\000b\000o\000u\000t\000\040\000m\000e}{chapter*.2}% 9
\BOOKMARK [1][-]{section.0.9}{\376\377\000L\000e\000g\000a\000l\000\040\000s\000t\000u\000f\000f}{chapter*.2}% 10
\BOOKMARK [-1][-]{part.1}{\376\377\000I\000\040\000D\000E\000S\000I\000G\000N\000I\000N\000G\000\040\000Y\000O\000U\000R\000\040\000F\000U\000T\000U\000R\000E}{}% 11
\BOOKMARK [0][-]{chapter.1}{\376\377\000B\000o\000t\000h\000e\000r\000i\000n\000g\000\040\000w\000i\000t\000h\000\040\000y\000o\000u\000r\000\040\000f\000u\000t\000u\000r\000e}{part.1}% 12
\BOOKMARK [1][-]{section.1.1}{\376\377\000W\000h\000a\000t\000\040\000y\000o\000u\000\040\000w\000i\000l\000l\000\040\000l\000e\000a\000r\000n}{chapter.1}% 13
\BOOKMARK [1][-]{section.1.2}{\376\377\000L\000e\000t\000'\000s\000\040\000g\000o\000\040\000d\000o\000w\000n\000\040\000t\000h\000e\000\040\000r\000a\000b\000b\000i\000t\000\040\000h\000o\000l\000e}{chapter.1}% 14
\BOOKMARK [1][-]{section.1.3}{\376\377\000Y\000o\000u\000r\000\040\000f\000u\000t\000u\000r\000e\000\040\000i\000s\000\040\000y\000o\000u\000r\000\040\000r\000e\000s\000p\000o\000n\000s\000i\000b\000i\000l\000i\000t\000y}{chapter.1}% 15
\BOOKMARK [1][-]{section.1.4}{\376\377\000Y\000o\000u\000r\000\040\000d\000e\000g\000r\000e\000e\000\040\000i\000s\000\040\000n\000o\000t\000\040\000e\000n\000o\000u\000g\000h}{chapter.1}% 16
\BOOKMARK [1][-]{section.1.5}{\376\377\000M\000a\000x\000i\000m\000i\000s\000i\000n\000g\000\040\000y\000o\000u\000r\000\040\000f\000u\000t\000u\000r\000e}{chapter.1}% 17
\BOOKMARK [1][-]{section.1.6}{\376\377\000T\000o\000o\000\040\000l\000a\000t\000e\000\040\000w\000h\000e\000n\000\040\000y\000o\000u\000\040\000g\000r\000a\000d\000u\000a\000t\000e}{chapter.1}% 18
\BOOKMARK [1][-]{section.1.7}{\376\377\000Y\000e\000s\000,\000\040\000t\000h\000i\000s\000\040\000W\000I\000L\000L\000\040\000b\000e\000\040\000o\000n\000\040\000t\000h\000e\000\040\000e\000x\000a\000m}{chapter.1}% 19
\BOOKMARK [1][-]{section.1.8}{\376\377\000P\000r\000a\000c\000t\000i\000c\000i\000n\000g\000\040\000y\000o\000u\000r\000\040\000f\000u\000t\000u\000r\000e}{chapter.1}% 20
\BOOKMARK [1][-]{section.1.9}{\376\377\000N\000a\000v\000i\000g\000a\000t\000i\000n\000g\000\040\000y\000o\000u\000r\000\040\000f\000u\000t\000u\000r\000e}{chapter.1}% 21
\BOOKMARK [1][-]{section.1.10}{\376\377\000C\000r\000e\000d\000i\000t\000i\000n\000g\000\040\000y\000o\000u\000r\000\040\000f\000u\000t\000u\000r\000e}{chapter.1}% 22
\BOOKMARK [1][-]{section.1.11}{\376\377\000Y\000o\000u\000r\000\040\000f\000u\000t\000u\000r\000e\000\040\000i\000s\000\040\000d\000i\000f\000f\000e\000r\000e\000n\000t}{chapter.1}% 23
\BOOKMARK [1][-]{section.1.12}{\376\377\000E\000n\000g\000a\000g\000i\000n\000g\000\040\000y\000o\000u\000r\000\040\000f\000u\000t\000u\000r\000e}{chapter.1}% 24
\BOOKMARK [1][-]{section.1.13}{\376\3